# 
# ===============================================================================
#                               Allegro PCB Router                               
# Copyright 1990-2010 Cadence Design Systems, Inc.  All Rights Reserved.
# ===============================================================================
# 
# Software licensed for sale by Cadence Design Systems, Inc.
# Current time = Fri Jan 22 14:30:38 2021
# 
# Allegro PCB Router v16-6-111 made 2012/09/05 at 23:00:56
# Running on: processor21, OS Version: WindowsNT 6.2.9200, Architecture: Intel Pentium II, III, or 4
# Licensing: The program will not obey any unlicensed rules
# No graphics will be displayed.
# Design Name C:/ORCADDATA/WAITINGPATIENTSIGN/allegro\WAITINGPATIENTSIGN.dsn
# Batch File Name: pasde.do
# Did File Name: C:/ORCADDATA/WAITINGPATIENTSIGN/allegro/specctra.did
# Current time = Fri Jan 22 14:30:39 2021
# PCB C:/ORCADDATA/WAITINGPATIENTSIGN/allegro
# Master Unit set up as: MM 100000
# PCB Limits xlo= -5.8000 ylo= -5.6000 xhi=165.8000 yhi= 81.8000
# Total 9 Images Consolidated.
# Via VIA z=1, 2 xlo= -0.3048 ylo= -0.3048 xhi=  0.3048 yhi=  0.3048
# 
#    VIA     TOP  BOTTOM
# 
#    TOP  ------   VIA  
# BOTTOM   VIA    ------
# 
# Wires Processed 47, Vias Processed 3
# Using colormap in design file.
# Layers Processed: Signal Layers 2
# Components Placed 16, Images Processed 22, Padstacks Processed 6
# Nets Processed 19, Net Terminals 62
# PCB Area=11856.000  EIC=5  Area/EIC=2371.200  SMDs=0
# Total Pin Count: 70
# Signal Connections Created 0
# 
# Design Rules --------------------------------------------
# Via Grid 0.0001 with offset 0.0000
# Layer TOP Horz Signal Wire Grid 0.0001 with offset 0.0000, Width= 0.5000, Clearance= 0.5000
# Layer BOTTOM Vert Signal Wire Grid 0.0001 with offset 0.0000, Width= 0.5000, Clearance= 0.5000
# Cpu Time = 0:00:00  Elapsed Time = 0:00:00
# 
# Wiring Statistics ----------------- C:/ORCADDATA/WAITINGPATIENTSIGN/allegro\WAITINGPATIENTSIGN.dsn
# Nets 19 Connections 40 Unroutes 0
# Signal Layers 2 Power Layers 0
# Wire Junctions 4, at vias 0 Total Vias 3
# Percent Connected  100.00
# Manhattan Length 1146.0320 Horizontal 852.7302 Vertical 293.3018
# Routed Length 1051.9752 Horizontal 834.1040 Vertical 333.8260
# Ratio Actual / Manhattan   0.9179
# Unconnected Length   0.0000 Horizontal   0.0000 Vertical   0.0000
# Total Conflicts: 0 (Cross: 0, Clear: 0, Xtalk: 0, Length: 0, Polygon Clear: 0 )
# Cpu Time = 0:00:00  Elapsed Time = 0:00:00
# Loading Do File pasde.do ...
# Loading Do File C:/ORCADDATA/WAITINGPATIENTSIGN/allegro\WAITINGPATIENTSIGN_rules.do ...
# Colormap Written to File _notify.std
# Enter command <# Loading Do File C:/Users/PROCES~1/AppData/Local/Temp/#Taaaaau08600.tmp ...
# All Components Selected.
# All Nets Selected.
# Net GND Unselected.
set route_diagonal 0
grid wire 0.000100 (direction x) (offset 0.000000)
grid wire 0.000100 (direction y) (offset 0.000000)
grid via 0.000100 (direction x) (offset 0.000000)
grid via 0.000100 (direction y) (offset 0.000000)
protect all wires
# All Wires Protected.
direction TOP orthogonal
select layer TOP
protect layer_wires TOP
# Wires on layer TOP were Protected.
direction BOTTOM orthogonal
select layer BOTTOM
protect layer_wires BOTTOM
# Wires on layer BOTTOM were Protected.
cost via -1
# System default cost will be used.
set turbo_stagger on
limit outside -1
rule pcb (patterns_allowed  trombone accordion)
set pattern_stacking on
rule pcb (sawtooth_amplitude -1 -1)
rule pcb (sawtooth_gap -1)
rule pcb (accordion_amplitude -1 -1)
rule pcb (accordion_gap -1)
rule pcb (trombone_run_length -1)
rule pcb (trombone_gap -1)
unprotect selected
# All Selected Wires Unprotected.
smart_route (auto_fanout off) (auto_testpoint off) (auto_miter off)
# Command smart_route detected pcb layer rule(s), mcm via rule(s), which require the RouteADV license feature.
# All unlicensed rules are being ignored.
# Command smart_route will ignore pcb layer rule(s), mcm via rule(s)
# Smart Route: This board is already 100.00% completed. 
# Using modified smart_route algorithm.
# Smart Route: Executing 50 route passes.
# Current time = Fri Jan 22 14:32:06 2021
# 
#    VIA     TOP  BOTTOM
# 
#    TOP  ------   VIA  
# BOTTOM   VIA    ------
# 
# 
# Design Rules --------------------------------------------
# Via Grid 0.0001 with offset 0.0000
# Layer TOP Orth Signal Wire Grid 0.0001 with offset 0.0000, Width= 0.5000, Clearance= 0.5000
# Layer BOTTOM Orth Signal Wire Grid 0.0001 with offset 0.0000, Width= 0.5000, Clearance= 0.5000
# 
# Wiring Statistics ----------------- C:/ORCADDATA/WAITINGPATIENTSIGN/allegro\WAITINGPATIENTSIGN.dsn
# Nets 19 Connections 40 Unroutes 0
# Signal Layers 2 Power Layers 0
# Wire Junctions 4, at vias 0 Total Vias 3
# Percent Connected  100.00
# Manhattan Length 1146.0320 Horizontal 852.7302 Vertical 293.3018
# Routed Length 1051.9752 Horizontal 834.1040 Vertical 333.8260
# Ratio Actual / Manhattan   0.9179
# Unconnected Length   0.0000 Horizontal   0.0000 Vertical   0.0000
# Start Route Pass 1 of 50
# Routing 4 wires.
# 0 bend points have been removed.
# 0 bend points have been removed.
# 0 bend points have been removed.
# Total Conflicts: 0 (Cross: 0, Clear: 0, Xtalk: 0, Length: 0, Polygon Clear: 0 )
# Total Unroutes: 0
# Attempts 4 Successes 4 Failures 0 Vias 3
# Cpu Time = 0:00:00  Elapsed Time = 0:00:00
# Command check detected pcb layer rule(s), mcm via rule(s), which require the RouteADV license feature.
# All unlicensed rules are being ignored.
# Command check will ignore pcb layer rule(s), mcm via rule(s)
# End Pass 1 of 50
# Wiring Written to File C:/ORCADDATA/WAITINGPATIENTSIGN/allegro\bestsave.w
# Smart Route: Smart_route progressing normally after 1 passes.
# Cpu Time = 0:00:00  Elapsed Time = 0:00:00
# 
# Design Rules --------------------------------------------
# Via Grid 0.0001 with offset 0.0000
# Layer TOP Orth Signal Wire Grid 0.0001 with offset 0.0000, Width= 1.0000, Clearance= 0.5000
# Layer BOTTOM Orth Signal Wire Grid 0.0001 with offset 0.0000, Width= 1.0000, Clearance= 0.5000
# Command check detected pcb layer rule(s), mcm via rule(s), which require the RouteADV license feature.
# All unlicensed rules are being ignored.
# Command check will ignore pcb layer rule(s), mcm via rule(s)
# ROUTING HISTORY ================================================================
#     Pass     |   Conflicts |    |     |     |     |    |Red|      CPU Time     |
#   Name   |No.| Cross| Clear|Fail|Unrte| Vias|XTalk|Len.| % |  Pass   |  Total  |
#----------+---+------+------+----+-----+-----+-----+----+---+---------+---------|
# Route    |  1|     0|     0|   0|    0|    3|    0|   0|  0|  0:00:00|  0:00:00|
# Conflicts between polygon wires and fixed objects:   0
# Stub Violations:   0
# Net Order Violations:   0
# Diffpair Uncoupled Length Violations:   0
# Diffpair Phase Tolerance  Violations:   0
# Total layerset violations:   0
# Total layerset violations (exclude Fanout/Stagger/XNet Short side):   0
# Overall Routing Time: 0:00:00
# 
# Wiring Statistics ----------------- C:/ORCADDATA/WAITINGPATIENTSIGN/allegro\WAITINGPATIENTSIGN.dsn
# Nets 19 Connections 40 Unroutes 0
# Signal Layers 2 Power Layers 0
# Wire Junctions 4, at vias 0 Total Vias 3
# Percent Connected  100.00
# Manhattan Length 1146.0320 Horizontal 852.7302 Vertical 293.3018
# Routed Length 1068.0939 Horizontal 837.1040 Vertical 334.6750
# Ratio Actual / Manhattan   0.9320
# Unconnected Length   0.0000 Horizontal   0.0000 Vertical   0.0000
# Smart Route: Executing 2 clean passes.
# Current time = Fri Jan 22 14:32:06 2021
# 
#    VIA     TOP  BOTTOM
# 
#    TOP  ------   VIA  
# BOTTOM   VIA    ------
# 
# 
# Design Rules --------------------------------------------
# Via Grid 0.0001 with offset 0.0000
# Layer TOP Orth Signal Wire Grid 0.0001 with offset 0.0000, Width= 0.5000, Clearance= 0.5000
# Layer BOTTOM Orth Signal Wire Grid 0.0001 with offset 0.0000, Width= 0.5000, Clearance= 0.5000
# 
# Wiring Statistics ----------------- C:/ORCADDATA/WAITINGPATIENTSIGN/allegro\WAITINGPATIENTSIGN.dsn
# Nets 19 Connections 40 Unroutes 0
# Signal Layers 2 Power Layers 0
# Wire Junctions 4, at vias 0 Total Vias 3
# Percent Connected  100.00
# Manhattan Length 1146.0320 Horizontal 852.7302 Vertical 293.3018
# Routed Length 1068.0939 Horizontal 837.1040 Vertical 334.6750
# Ratio Actual / Manhattan   0.9320
# Unconnected Length   0.0000 Horizontal   0.0000 Vertical   0.0000
# Start Clean Pass 1 of 2
# Routing 36 wires.
# Command check detected pcb layer rule(s), mcm via rule(s), which require the RouteADV license feature.
# All unlicensed rules are being ignored.
# Command check will ignore pcb layer rule(s), mcm via rule(s)
# Total Conflicts: 0 (Cross: 0, Clear: 0, Xtalk: 0, Length: 0, Polygon Clear: 0 )
# Total Unroutes: 0
# Attempts 33 Successes 33 Failures 0 Vias 2
# Cpu Time = 0:00:00  Elapsed Time = 0:00:00
# Command check detected pcb layer rule(s), mcm via rule(s), which require the RouteADV license feature.
# All unlicensed rules are being ignored.
# Command check will ignore pcb layer rule(s), mcm via rule(s)
# End Pass 1 of 2
# Wiring Written to File C:/ORCADDATA/WAITINGPATIENTSIGN/allegro\bestsave.w
# Start Clean Pass 2 of 2
# Routing 35 wires.
# Command check detected pcb layer rule(s), mcm via rule(s), which require the RouteADV license feature.
# All unlicensed rules are being ignored.
# Command check will ignore pcb layer rule(s), mcm via rule(s)
# 0 bend points have been removed.
# 0 bend points have been removed.
# 0 bend points have been removed.
# Total Conflicts: 0 (Cross: 0, Clear: 0, Xtalk: 0, Length: 0, Polygon Clear: 0 )
# Total Unroutes: 0
# Attempts 33 Successes 33 Failures 0 Vias 2
# Cpu Time = 0:00:00  Elapsed Time = 0:00:00
# Command check detected pcb layer rule(s), mcm via rule(s), which require the RouteADV license feature.
# All unlicensed rules are being ignored.
# Command check will ignore pcb layer rule(s), mcm via rule(s)
# End Pass 2 of 2
# Wiring Written to File C:/ORCADDATA/WAITINGPATIENTSIGN/allegro\bestsave.w
# Cpu Time = 0:00:00  Elapsed Time = 0:00:00
# 
# Design Rules --------------------------------------------
# Via Grid 0.0001 with offset 0.0000
# Layer TOP Orth Signal Wire Grid 0.0001 with offset 0.0000, Width= 1.0000, Clearance= 0.5000
# Layer BOTTOM Orth Signal Wire Grid 0.0001 with offset 0.0000, Width= 1.0000, Clearance= 0.5000
# Command check detected pcb layer rule(s), mcm via rule(s), which require the RouteADV license feature.
# All unlicensed rules are being ignored.
# Command check will ignore pcb layer rule(s), mcm via rule(s)
# ROUTING HISTORY ================================================================
#     Pass     |   Conflicts |    |     |     |     |    |Red|      CPU Time     |
#   Name   |No.| Cross| Clear|Fail|Unrte| Vias|XTalk|Len.| % |  Pass   |  Total  |
#----------+---+------+------+----+-----+-----+-----+----+---+---------+---------|
# Route    |  1|     0|     0|   0|    0|    3|    0|   0|  0|  0:00:00|  0:00:00|
# Clean    |  2|     0|     0|   0|    0|    2|    0|   0|   |  0:00:00|  0:00:00|
# Clean    |  3|     0|     0|   0|    0|    2|    0|   0|   |  0:00:00|  0:00:00|
# Conflicts between polygon wires and fixed objects:   0
# Stub Violations:   0
# Net Order Violations:   0
# Diffpair Uncoupled Length Violations:   0
# Diffpair Phase Tolerance  Violations:   0
# Total layerset violations:   0
# Total layerset violations (exclude Fanout/Stagger/XNet Short side):   0
# Overall Routing Time: 0:00:00
# 
# Wiring Statistics ----------------- C:/ORCADDATA/WAITINGPATIENTSIGN/allegro\WAITINGPATIENTSIGN.dsn
# Nets 19 Connections 40 Unroutes 0
# Signal Layers 2 Power Layers 0
# Wire Junctions 4, at vias 0 Total Vias 2
# Percent Connected  100.00
# Manhattan Length 1146.0320 Horizontal 853.6326 Vertical 292.3994
# Routed Length 1121.5974 Horizontal 800.2740 Vertical 334.1750
# Ratio Actual / Manhattan   0.9787
# Unconnected Length   0.0000 Horizontal   0.0000 Vertical   0.0000
# Smart Route: Executing 2 clean passes.
# Current time = Fri Jan 22 14:32:06 2021
# 
#    VIA     TOP  BOTTOM
# 
#    TOP  ------   VIA  
# BOTTOM   VIA    ------
# 
# 
# Design Rules --------------------------------------------
# Via Grid 0.0001 with offset 0.0000
# Layer TOP Orth Signal Wire Grid 0.0001 with offset 0.0000, Width= 0.5000, Clearance= 0.5000
# Layer BOTTOM Orth Signal Wire Grid 0.0001 with offset 0.0000, Width= 0.5000, Clearance= 0.5000
# 
# Wiring Statistics ----------------- C:/ORCADDATA/WAITINGPATIENTSIGN/allegro\WAITINGPATIENTSIGN.dsn
# Nets 19 Connections 40 Unroutes 0
# Signal Layers 2 Power Layers 0
# Wire Junctions 4, at vias 0 Total Vias 2
# Percent Connected  100.00
# Manhattan Length 1146.0320 Horizontal 853.6326 Vertical 292.3994
# Routed Length 1121.5974 Horizontal 800.2740 Vertical 334.1750
# Ratio Actual / Manhattan   0.9787
# Unconnected Length   0.0000 Horizontal   0.0000 Vertical   0.0000
# Start Clean Pass 1 of 2
# Routing 35 wires.
# Command check detected pcb layer rule(s), mcm via rule(s), which require the RouteADV license feature.
# All unlicensed rules are being ignored.
# Command check will ignore pcb layer rule(s), mcm via rule(s)
# Total Conflicts: 0 (Cross: 0, Clear: 0, Xtalk: 0, Length: 0, Polygon Clear: 0 )
# Total Unroutes: 0
# Attempts 33 Successes 33 Failures 0 Vias 2
# Cpu Time = 0:00:00  Elapsed Time = 0:00:00
# Command check detected pcb layer rule(s), mcm via rule(s), which require the RouteADV license feature.
# All unlicensed rules are being ignored.
# Command check will ignore pcb layer rule(s), mcm via rule(s)
# End Pass 1 of 2
# Wiring Written to File C:/ORCADDATA/WAITINGPATIENTSIGN/allegro\bestsave.w
# Start Clean Pass 2 of 2
# Routing 35 wires.
# Command check detected pcb layer rule(s), mcm via rule(s), which require the RouteADV license feature.
# All unlicensed rules are being ignored.
# Command check will ignore pcb layer rule(s), mcm via rule(s)
# 0 bend points have been removed.
# 0 bend points have been removed.
# 0 bend points have been removed.
# Total Conflicts: 0 (Cross: 0, Clear: 0, Xtalk: 0, Length: 0, Polygon Clear: 0 )
# Total Unroutes: 0
# Attempts 33 Successes 33 Failures 0 Vias 2
# Cpu Time = 0:00:00  Elapsed Time = 0:00:00
# Command check detected pcb layer rule(s), mcm via rule(s), which require the RouteADV license feature.
# All unlicensed rules are being ignored.
# Command check will ignore pcb layer rule(s), mcm via rule(s)
# End Pass 2 of 2
# Wiring Written to File C:/ORCADDATA/WAITINGPATIENTSIGN/allegro\bestsave.w
# Cpu Time = 0:00:00  Elapsed Time = 0:00:00
# 
# Design Rules --------------------------------------------
# Via Grid 0.0001 with offset 0.0000
# Layer TOP Orth Signal Wire Grid 0.0001 with offset 0.0000, Width= 1.0000, Clearance= 0.5000
# Layer BOTTOM Orth Signal Wire Grid 0.0001 with offset 0.0000, Width= 1.0000, Clearance= 0.5000
# Command check detected pcb layer rule(s), mcm via rule(s), which require the RouteADV license feature.
# All unlicensed rules are being ignored.
# Command check will ignore pcb layer rule(s), mcm via rule(s)
# ROUTING HISTORY ================================================================
#     Pass     |   Conflicts |    |     |     |     |    |Red|      CPU Time     |
#   Name   |No.| Cross| Clear|Fail|Unrte| Vias|XTalk|Len.| % |  Pass   |  Total  |
#----------+---+------+------+----+-----+-----+-----+----+---+---------+---------|
# Route    |  1|     0|     0|   0|    0|    3|    0|   0|  0|  0:00:00|  0:00:00|
# Clean    |  2|     0|     0|   0|    0|    2|    0|   0|   |  0:00:00|  0:00:00|
# Clean    |  3|     0|     0|   0|    0|    2|    0|   0|   |  0:00:00|  0:00:00|
# Clean    |  4|     0|     0|   0|    0|    2|    0|   0|   |  0:00:00|  0:00:00|
# Clean    |  5|     0|     0|   0|    0|    2|    0|   0|   |  0:00:00|  0:00:00|
# Conflicts between polygon wires and fixed objects:   0
# Stub Violations:   0
# Net Order Violations:   0
# Diffpair Uncoupled Length Violations:   0
# Diffpair Phase Tolerance  Violations:   0
# Total layerset violations:   0
# Total layerset violations (exclude Fanout/Stagger/XNet Short side):   0
# Overall Routing Time: 0:00:00
# 
# Wiring Statistics ----------------- C:/ORCADDATA/WAITINGPATIENTSIGN/allegro\WAITINGPATIENTSIGN.dsn
# Nets 19 Connections 40 Unroutes 0
# Signal Layers 2 Power Layers 0
# Wire Junctions 4, at vias 0 Total Vias 2
# Percent Connected  100.00
# Manhattan Length 1146.0320 Horizontal 853.6326 Vertical 292.3994
# Routed Length 1120.0974 Horizontal 800.2740 Vertical 332.6750
# Ratio Actual / Manhattan   0.9774
# Unconnected Length   0.0000 Horizontal   0.0000 Vertical   0.0000
# Smart Route: Smart_route finished, completion rate: 100.00.
write routes (changed_only) (reset_changed) C:/Users/PROCES~1/AppData/Local/Temp/#Taaaaav08600.tmp
# Routing Written to File C:/Users/PROCES~1/AppData/Local/Temp/#Taaaaav08600.tmp
# Loading Do File C:/Users/PROCES~1/AppData/Local/Temp/#Taaaaaw08600.tmp ...
# All Components Selected.
# All Nets Selected.
# Net GND Unselected.
set route_diagonal 0
grid wire 0.000100 (direction x) (offset 0.000000)
grid wire 0.000100 (direction y) (offset 0.000000)
grid via 0.000100 (direction x) (offset 0.000000)
grid via 0.000100 (direction y) (offset 0.000000)
protect all wires
# All Wires Protected.
direction TOP orthogonal
select layer TOP
protect layer_wires TOP
# Wires on layer TOP were Protected.
direction BOTTOM orthogonal
select layer BOTTOM
protect layer_wires BOTTOM
# Wires on layer BOTTOM were Protected.
cost via -1
# System default cost will be used.
set turbo_stagger on
limit outside -1
rule pcb (patterns_allowed  trombone accordion)
set pattern_stacking on
rule pcb (sawtooth_amplitude -1 -1)
rule pcb (sawtooth_gap -1)
rule pcb (accordion_amplitude -1 -1)
rule pcb (accordion_gap -1)
rule pcb (trombone_run_length -1)
rule pcb (trombone_gap -1)
unprotect selected
# All Selected Wires Unprotected.
smart_route (auto_fanout off) (auto_testpoint off) (auto_miter off)
# Command smart_route detected pcb layer rule(s), mcm via rule(s), which require the RouteADV license feature.
# All unlicensed rules are being ignored.
# Command smart_route will ignore pcb layer rule(s), mcm via rule(s)
# Smart Route: This board is already 100.00% completed. 
# Using modified smart_route algorithm.
# Smart Route: Executing 2 clean passes.
# Current time = Fri Jan 22 14:32:26 2021
# 
#    VIA     TOP  BOTTOM
# 
#    TOP  ------   VIA  
# BOTTOM   VIA    ------
# 
# 
# Design Rules --------------------------------------------
# Via Grid 0.0001 with offset 0.0000
# Layer TOP Orth Signal Wire Grid 0.0001 with offset 0.0000, Width= 0.5000, Clearance= 0.5000
# Layer BOTTOM Orth Signal Wire Grid 0.0001 with offset 0.0000, Width= 0.5000, Clearance= 0.5000
# 
# Wiring Statistics ----------------- C:/ORCADDATA/WAITINGPATIENTSIGN/allegro\WAITINGPATIENTSIGN.dsn
# Nets 19 Connections 40 Unroutes 0
# Signal Layers 2 Power Layers 0
# Wire Junctions 4, at vias 0 Total Vias 2
# Percent Connected  100.00
# Manhattan Length 1146.0320 Horizontal 853.6326 Vertical 292.3994
# Routed Length 1120.0974 Horizontal 800.2740 Vertical 332.6750
# Ratio Actual / Manhattan   0.9774
# Unconnected Length   0.0000 Horizontal   0.0000 Vertical   0.0000
# Start Clean Pass 1 of 2
# Routing 35 wires.
# Command check detected pcb layer rule(s), mcm via rule(s), which require the RouteADV license feature.
# All unlicensed rules are being ignored.
# Command check will ignore pcb layer rule(s), mcm via rule(s)
# Total Conflicts: 0 (Cross: 0, Clear: 0, Xtalk: 0, Length: 0, Polygon Clear: 0 )
# Total Unroutes: 0
# Attempts 33 Successes 33 Failures 0 Vias 2
# Cpu Time = 0:00:00  Elapsed Time = 0:00:00
# Command check detected pcb layer rule(s), mcm via rule(s), which require the RouteADV license feature.
# All unlicensed rules are being ignored.
# Command check will ignore pcb layer rule(s), mcm via rule(s)
# End Pass 1 of 2
# Wiring Written to File C:/ORCADDATA/WAITINGPATIENTSIGN/allegro\bestsave.w
# Start Clean Pass 2 of 2
# Routing 35 wires.
# Command check detected pcb layer rule(s), mcm via rule(s), which require the RouteADV license feature.
# All unlicensed rules are being ignored.
# Command check will ignore pcb layer rule(s), mcm via rule(s)
# 0 bend points have been removed.
# 0 bend points have been removed.
# 0 bend points have been removed.
# Total Conflicts: 0 (Cross: 0, Clear: 0, Xtalk: 0, Length: 0, Polygon Clear: 0 )
# Total Unroutes: 0
# Attempts 33 Successes 33 Failures 0 Vias 2
# Cpu Time = 0:00:00  Elapsed Time = 0:00:00
# Command check detected pcb layer rule(s), mcm via rule(s), which require the RouteADV license feature.
# All unlicensed rules are being ignored.
# Command check will ignore pcb layer rule(s), mcm via rule(s)
# End Pass 2 of 2
# Wiring Written to File C:/ORCADDATA/WAITINGPATIENTSIGN/allegro\bestsave.w
# Cpu Time = 0:00:00  Elapsed Time = 0:00:00
# 
# Design Rules --------------------------------------------
# Via Grid 0.0001 with offset 0.0000
# Layer TOP Orth Signal Wire Grid 0.0001 with offset 0.0000, Width= 1.0000, Clearance= 0.5000
# Layer BOTTOM Orth Signal Wire Grid 0.0001 with offset 0.0000, Width= 1.0000, Clearance= 0.5000
# Command check detected pcb layer rule(s), mcm via rule(s), which require the RouteADV license feature.
# All unlicensed rules are being ignored.
# Command check will ignore pcb layer rule(s), mcm via rule(s)
# ROUTING HISTORY ================================================================
#     Pass     |   Conflicts |    |     |     |     |    |Red|      CPU Time     |
#   Name   |No.| Cross| Clear|Fail|Unrte| Vias|XTalk|Len.| % |  Pass   |  Total  |
#----------+---+------+------+----+-----+-----+-----+----+---+---------+---------|
# Route    |  1|     0|     0|   0|    0|    3|    0|   0|  0|  0:00:00|  0:00:00|
# Clean    |  2|     0|     0|   0|    0|    2|    0|   0|   |  0:00:00|  0:00:00|
# Clean    |  3|     0|     0|   0|    0|    2|    0|   0|   |  0:00:00|  0:00:00|
# Clean    |  4|     0|     0|   0|    0|    2|    0|   0|   |  0:00:00|  0:00:00|
# Clean    |  5|     0|     0|   0|    0|    2|    0|   0|   |  0:00:00|  0:00:00|
# Clean    |  6|     0|     0|   0|    0|    2|    0|   0|   |  0:00:00|  0:00:00|
# Clean    |  7|     0|     0|   0|    0|    2|    0|   0|   |  0:00:00|  0:00:00|
# Conflicts between polygon wires and fixed objects:   0
# Stub Violations:   0
# Net Order Violations:   0
# Diffpair Uncoupled Length Violations:   0
# Diffpair Phase Tolerance  Violations:   0
# Total layerset violations:   0
# Total layerset violations (exclude Fanout/Stagger/XNet Short side):   0
# Overall Routing Time: 0:00:00
# 
# Wiring Statistics ----------------- C:/ORCADDATA/WAITINGPATIENTSIGN/allegro\WAITINGPATIENTSIGN.dsn
# Nets 19 Connections 40 Unroutes 0
# Signal Layers 2 Power Layers 0
# Wire Junctions 4, at vias 0 Total Vias 2
# Percent Connected  100.00
# Manhattan Length 1109.2020 Horizontal 825.2846 Vertical 283.9174
# Routed Length 1120.0974 Horizontal 800.2740 Vertical 332.6750
# Ratio Actual / Manhattan   1.0098
# Unconnected Length   0.0000 Horizontal   0.0000 Vertical   0.0000
# Smart Route: Executing 2 clean passes.
# Current time = Fri Jan 22 14:32:26 2021
# 
#    VIA     TOP  BOTTOM
# 
#    TOP  ------   VIA  
# BOTTOM   VIA    ------
# 
# 
# Design Rules --------------------------------------------
# Via Grid 0.0001 with offset 0.0000
# Layer TOP Orth Signal Wire Grid 0.0001 with offset 0.0000, Width= 0.5000, Clearance= 0.5000
# Layer BOTTOM Orth Signal Wire Grid 0.0001 with offset 0.0000, Width= 0.5000, Clearance= 0.5000
# 
# Wiring Statistics ----------------- C:/ORCADDATA/WAITINGPATIENTSIGN/allegro\WAITINGPATIENTSIGN.dsn
# Nets 19 Connections 40 Unroutes 0
# Signal Layers 2 Power Layers 0
# Wire Junctions 4, at vias 0 Total Vias 2
# Percent Connected  100.00
# Manhattan Length 1109.2020 Horizontal 825.2846 Vertical 283.9174
# Routed Length 1120.0974 Horizontal 800.2740 Vertical 332.6750
# Ratio Actual / Manhattan   1.0098
# Unconnected Length   0.0000 Horizontal   0.0000 Vertical   0.0000
# Start Clean Pass 1 of 2
# Routing 35 wires.
# Command check detected pcb layer rule(s), mcm via rule(s), which require the RouteADV license feature.
# All unlicensed rules are being ignored.
# Command check will ignore pcb layer rule(s), mcm via rule(s)
# Total Conflicts: 0 (Cross: 0, Clear: 0, Xtalk: 0, Length: 0, Polygon Clear: 0 )
# Total Unroutes: 0
# Attempts 33 Successes 33 Failures 0 Vias 2
# Cpu Time = 0:00:00  Elapsed Time = 0:00:00
# Command check detected pcb layer rule(s), mcm via rule(s), which require the RouteADV license feature.
# All unlicensed rules are being ignored.
# Command check will ignore pcb layer rule(s), mcm via rule(s)
# End Pass 1 of 2
# Wiring Written to File C:/ORCADDATA/WAITINGPATIENTSIGN/allegro\bestsave.w
# Start Clean Pass 2 of 2
# Routing 35 wires.
# Command check detected pcb layer rule(s), mcm via rule(s), which require the RouteADV license feature.
# All unlicensed rules are being ignored.
# Command check will ignore pcb layer rule(s), mcm via rule(s)
# 0 bend points have been removed.
# 0 bend points have been removed.
# 0 bend points have been removed.
# Total Conflicts: 0 (Cross: 0, Clear: 0, Xtalk: 0, Length: 0, Polygon Clear: 0 )
# Total Unroutes: 0
# Attempts 33 Successes 33 Failures 0 Vias 2
# Cpu Time = 0:00:00  Elapsed Time = 0:00:00
# Command check detected pcb layer rule(s), mcm via rule(s), which require the RouteADV license feature.
# All unlicensed rules are being ignored.
# Command check will ignore pcb layer rule(s), mcm via rule(s)
# End Pass 2 of 2
# Wiring Written to File C:/ORCADDATA/WAITINGPATIENTSIGN/allegro\bestsave.w
# Cpu Time = 0:00:00  Elapsed Time = 0:00:00
# 
# Design Rules --------------------------------------------
# Via Grid 0.0001 with offset 0.0000
# Layer TOP Orth Signal Wire Grid 0.0001 with offset 0.0000, Width= 1.0000, Clearance= 0.5000
# Layer BOTTOM Orth Signal Wire Grid 0.0001 with offset 0.0000, Width= 1.0000, Clearance= 0.5000
# Command check detected pcb layer rule(s), mcm via rule(s), which require the RouteADV license feature.
# All unlicensed rules are being ignored.
# Command check will ignore pcb layer rule(s), mcm via rule(s)
# ROUTING HISTORY ================================================================
#     Pass     |   Conflicts |    |     |     |     |    |Red|      CPU Time     |
#   Name   |No.| Cross| Clear|Fail|Unrte| Vias|XTalk|Len.| % |  Pass   |  Total  |
#----------+---+------+------+----+-----+-----+-----+----+---+---------+---------|
# Route    |  1|     0|     0|   0|    0|    3|    0|   0|  0|  0:00:00|  0:00:00|
# Clean    |  2|     0|     0|   0|    0|    2|    0|   0|   |  0:00:00|  0:00:00|
# Clean    |  3|     0|     0|   0|    0|    2|    0|   0|   |  0:00:00|  0:00:00|
# Clean    |  4|     0|     0|   0|    0|    2|    0|   0|   |  0:00:00|  0:00:00|
# Clean    |  5|     0|     0|   0|    0|    2|    0|   0|   |  0:00:00|  0:00:00|
# Clean    |  6|     0|     0|   0|    0|    2|    0|   0|   |  0:00:00|  0:00:00|
# Clean    |  7|     0|     0|   0|    0|    2|    0|   0|   |  0:00:00|  0:00:00|
# Clean    |  8|     0|     0|   0|    0|    2|    0|   0|   |  0:00:00|  0:00:00|
# Clean    |  9|     0|     0|   0|    0|    2|    0|   0|   |  0:00:00|  0:00:00|
# Conflicts between polygon wires and fixed objects:   0
# Stub Violations:   0
# Net Order Violations:   0
# Diffpair Uncoupled Length Violations:   0
# Diffpair Phase Tolerance  Violations:   0
# Total layerset violations:   0
# Total layerset violations (exclude Fanout/Stagger/XNet Short side):   0
# Overall Routing Time: 0:00:00
# 
# Wiring Statistics ----------------- C:/ORCADDATA/WAITINGPATIENTSIGN/allegro\WAITINGPATIENTSIGN.dsn
# Nets 19 Connections 40 Unroutes 0
# Signal Layers 2 Power Layers 0
# Wire Junctions 4, at vias 0 Total Vias 2
# Percent Connected  100.00
# Manhattan Length 1109.2020 Horizontal 825.2846 Vertical 283.9174
# Routed Length 1120.0974 Horizontal 800.2740 Vertical 332.6750
# Ratio Actual / Manhattan   1.0098
# Unconnected Length   0.0000 Horizontal   0.0000 Vertical   0.0000
# Smart Route: Smart_route finished, completion rate: 100.00.
write routes (changed_only) (reset_changed) C:/Users/PROCES~1/AppData/Local/Temp/#Taaaaax08600.tmp
# Routing Written to File C:/Users/PROCES~1/AppData/Local/Temp/#Taaaaax08600.tmp
# Loading Do File C:/Users/PROCES~1/AppData/Local/Temp/#Taaaaay08600.tmp ...
# All Components Selected.
# All Nets Selected.
# Net GND Unselected.
set route_diagonal 0
grid wire 0.000100 (direction x) (offset 0.000000)
grid wire 0.000100 (direction y) (offset 0.000000)
grid via 0.000100 (direction x) (offset 0.000000)
grid via 0.000100 (direction y) (offset 0.000000)
protect all wires
# All Wires Protected.
direction TOP orthogonal
select layer TOP
unprotect layer_wires TOP
# Wires on layer TOP were Unprotected.
direction BOTTOM orthogonal
select layer BOTTOM
unprotect layer_wires BOTTOM
# Wires on layer BOTTOM were Unprotected.
cost via -1
# System default cost will be used.
set turbo_stagger on
limit outside -1
rule pcb (patterns_allowed  trombone accordion)
set pattern_stacking on
rule pcb (sawtooth_amplitude -1 -1)
rule pcb (sawtooth_gap -1)
rule pcb (accordion_amplitude -1 -1)
rule pcb (accordion_gap -1)
rule pcb (trombone_run_length -1)
rule pcb (trombone_gap -1)
unprotect selected
# All Selected Wires Unprotected.
smart_route (auto_fanout off) (auto_testpoint off) (auto_miter off)
# Command smart_route detected pcb layer rule(s), mcm via rule(s), which require the RouteADV license feature.
# All unlicensed rules are being ignored.
# Command smart_route will ignore pcb layer rule(s), mcm via rule(s)
# Smart Route: This board is already 100.00% completed. 
# Using modified smart_route algorithm.
# Smart Route: Executing 2 clean passes.
# Current time = Fri Jan 22 14:32:35 2021
# 
#    VIA     TOP  BOTTOM
# 
#    TOP  ------   VIA  
# BOTTOM   VIA    ------
# 
# 
# Design Rules --------------------------------------------
# Via Grid 0.0001 with offset 0.0000
# Layer TOP Orth Signal Wire Grid 0.0001 with offset 0.0000, Width= 0.5000, Clearance= 0.5000
# Layer BOTTOM Orth Signal Wire Grid 0.0001 with offset 0.0000, Width= 0.5000, Clearance= 0.5000
# 
# Wiring Statistics ----------------- C:/ORCADDATA/WAITINGPATIENTSIGN/allegro\WAITINGPATIENTSIGN.dsn
# Nets 19 Connections 40 Unroutes 0
# Signal Layers 2 Power Layers 0
# Wire Junctions 4, at vias 0 Total Vias 2
# Percent Connected  100.00
# Manhattan Length 1109.2020 Horizontal 825.2846 Vertical 283.9174
# Routed Length 1120.0974 Horizontal 800.2740 Vertical 332.6750
# Ratio Actual / Manhattan   1.0098
# Unconnected Length   0.0000 Horizontal   0.0000 Vertical   0.0000
# Start Clean Pass 1 of 2
# Routing 35 wires.
# Command check detected pcb layer rule(s), mcm via rule(s), which require the RouteADV license feature.
# All unlicensed rules are being ignored.
# Command check will ignore pcb layer rule(s), mcm via rule(s)
# Total Conflicts: 0 (Cross: 0, Clear: 0, Xtalk: 0, Length: 0, Polygon Clear: 0 )
# Total Unroutes: 0
# Attempts 33 Successes 33 Failures 0 Vias 2
# Cpu Time = 0:00:00  Elapsed Time = 0:00:00
# Command check detected pcb layer rule(s), mcm via rule(s), which require the RouteADV license feature.
# All unlicensed rules are being ignored.
# Command check will ignore pcb layer rule(s), mcm via rule(s)
# End Pass 1 of 2
# Wiring Written to File C:/ORCADDATA/WAITINGPATIENTSIGN/allegro\bestsave.w
# Start Clean Pass 2 of 2
# Routing 35 wires.
# Command check detected pcb layer rule(s), mcm via rule(s), which require the RouteADV license feature.
# All unlicensed rules are being ignored.
# Command check will ignore pcb layer rule(s), mcm via rule(s)
# 0 bend points have been removed.
# 0 bend points have been removed.
# 0 bend points have been removed.
# Total Conflicts: 0 (Cross: 0, Clear: 0, Xtalk: 0, Length: 0, Polygon Clear: 0 )
# Total Unroutes: 0
# Attempts 33 Successes 33 Failures 0 Vias 2
# Cpu Time = 0:00:00  Elapsed Time = 0:00:00
# Command check detected pcb layer rule(s), mcm via rule(s), which require the RouteADV license feature.
# All unlicensed rules are being ignored.
# Command check will ignore pcb layer rule(s), mcm via rule(s)
# End Pass 2 of 2
# Wiring Written to File C:/ORCADDATA/WAITINGPATIENTSIGN/allegro\bestsave.w
# Cpu Time = 0:00:00  Elapsed Time = 0:00:00
# 
# Design Rules --------------------------------------------
# Via Grid 0.0001 with offset 0.0000
# Layer TOP Orth Signal Wire Grid 0.0001 with offset 0.0000, Width= 1.0000, Clearance= 0.5000
# Layer BOTTOM Orth Signal Wire Grid 0.0001 with offset 0.0000, Width= 1.0000, Clearance= 0.5000
# Command check detected pcb layer rule(s), mcm via rule(s), which require the RouteADV license feature.
# All unlicensed rules are being ignored.
# Command check will ignore pcb layer rule(s), mcm via rule(s)
# ROUTING HISTORY ================================================================
#     Pass     |   Conflicts |    |     |     |     |    |Red|      CPU Time     |
#   Name   |No.| Cross| Clear|Fail|Unrte| Vias|XTalk|Len.| % |  Pass   |  Total  |
#----------+---+------+------+----+-----+-----+-----+----+---+---------+---------|
# Route    |  1|     0|     0|   0|    0|    3|    0|   0|  0|  0:00:00|  0:00:00|
# Clean    |  2|     0|     0|   0|    0|    2|    0|   0|   |  0:00:00|  0:00:00|
# Clean    |  3|     0|     0|   0|    0|    2|    0|   0|   |  0:00:00|  0:00:00|
# Clean    |  4|     0|     0|   0|    0|    2|    0|   0|   |  0:00:00|  0:00:00|
# Clean    |  5|     0|     0|   0|    0|    2|    0|   0|   |  0:00:00|  0:00:00|
# Clean    |  6|     0|     0|   0|    0|    2|    0|   0|   |  0:00:00|  0:00:00|
# Clean    |  7|     0|     0|   0|    0|    2|    0|   0|   |  0:00:00|  0:00:00|
# Clean    |  8|     0|     0|   0|    0|    2|    0|   0|   |  0:00:00|  0:00:00|
# Clean    |  9|     0|     0|   0|    0|    2|    0|   0|   |  0:00:00|  0:00:00|
# Clean    | 10|     0|     0|   0|    0|    2|    0|   0|   |  0:00:00|  0:00:00|
# Clean    | 11|     0|     0|   0|    0|    2|    0|   0|   |  0:00:00|  0:00:00|
# Conflicts between polygon wires and fixed objects:   0
# Stub Violations:   0
# Net Order Violations:   0
# Diffpair Uncoupled Length Violations:   0
# Diffpair Phase Tolerance  Violations:   0
# Total layerset violations:   0
# Total layerset violations (exclude Fanout/Stagger/XNet Short side):   0
# Overall Routing Time: 0:00:00
# 
# Wiring Statistics ----------------- C:/ORCADDATA/WAITINGPATIENTSIGN/allegro\WAITINGPATIENTSIGN.dsn
# Nets 19 Connections 40 Unroutes 0
# Signal Layers 2 Power Layers 0
# Wire Junctions 4, at vias 0 Total Vias 2
# Percent Connected  100.00
# Manhattan Length 1109.2020 Horizontal 825.2846 Vertical 283.9174
# Routed Length 1120.0974 Horizontal 800.2740 Vertical 332.6750
# Ratio Actual / Manhattan   1.0098
# Unconnected Length   0.0000 Horizontal   0.0000 Vertical   0.0000
# Smart Route: Executing 2 clean passes.
# Current time = Fri Jan 22 14:32:35 2021
# 
#    VIA     TOP  BOTTOM
# 
#    TOP  ------   VIA  
# BOTTOM   VIA    ------
# 
# 
# Design Rules --------------------------------------------
# Via Grid 0.0001 with offset 0.0000
# Layer TOP Orth Signal Wire Grid 0.0001 with offset 0.0000, Width= 0.5000, Clearance= 0.5000
# Layer BOTTOM Orth Signal Wire Grid 0.0001 with offset 0.0000, Width= 0.5000, Clearance= 0.5000
# 
# Wiring Statistics ----------------- C:/ORCADDATA/WAITINGPATIENTSIGN/allegro\WAITINGPATIENTSIGN.dsn
# Nets 19 Connections 40 Unroutes 0
# Signal Layers 2 Power Layers 0
# Wire Junctions 4, at vias 0 Total Vias 2
# Percent Connected  100.00
# Manhattan Length 1109.2020 Horizontal 825.2846 Vertical 283.9174
# Routed Length 1120.0974 Horizontal 800.2740 Vertical 332.6750
# Ratio Actual / Manhattan   1.0098
# Unconnected Length   0.0000 Horizontal   0.0000 Vertical   0.0000
# Start Clean Pass 1 of 2
# Routing 35 wires.
# Command check detected pcb layer rule(s), mcm via rule(s), which require the RouteADV license feature.
# All unlicensed rules are being ignored.
# Command check will ignore pcb layer rule(s), mcm via rule(s)
# Total Conflicts: 0 (Cross: 0, Clear: 0, Xtalk: 0, Length: 0, Polygon Clear: 0 )
# Total Unroutes: 0
# Attempts 33 Successes 33 Failures 0 Vias 2
# Cpu Time = 0:00:00  Elapsed Time = 0:00:00
# Command check detected pcb layer rule(s), mcm via rule(s), which require the RouteADV license feature.
# All unlicensed rules are being ignored.
# Command check will ignore pcb layer rule(s), mcm via rule(s)
# End Pass 1 of 2
# Wiring Written to File C:/ORCADDATA/WAITINGPATIENTSIGN/allegro\bestsave.w
# Start Clean Pass 2 of 2
# Routing 35 wires.
# Command check detected pcb layer rule(s), mcm via rule(s), which require the RouteADV license feature.
# All unlicensed rules are being ignored.
# Command check will ignore pcb layer rule(s), mcm via rule(s)
# 0 bend points have been removed.
# 0 bend points have been removed.
# 0 bend points have been removed.
# Total Conflicts: 0 (Cross: 0, Clear: 0, Xtalk: 0, Length: 0, Polygon Clear: 0 )
# Total Unroutes: 0
# Attempts 33 Successes 33 Failures 0 Vias 2
# Cpu Time = 0:00:00  Elapsed Time = 0:00:00
# Command check detected pcb layer rule(s), mcm via rule(s), which require the RouteADV license feature.
# All unlicensed rules are being ignored.
# Command check will ignore pcb layer rule(s), mcm via rule(s)
# End Pass 2 of 2
# Wiring Written to File C:/ORCADDATA/WAITINGPATIENTSIGN/allegro\bestsave.w
# Cpu Time = 0:00:00  Elapsed Time = 0:00:00
# 
# Design Rules --------------------------------------------
# Via Grid 0.0001 with offset 0.0000
# Layer TOP Orth Signal Wire Grid 0.0001 with offset 0.0000, Width= 1.0000, Clearance= 0.5000
# Layer BOTTOM Orth Signal Wire Grid 0.0001 with offset 0.0000, Width= 1.0000, Clearance= 0.5000
# Command check detected pcb layer rule(s), mcm via rule(s), which require the RouteADV license feature.
# All unlicensed rules are being ignored.
# Command check will ignore pcb layer rule(s), mcm via rule(s)
# ROUTING HISTORY ================================================================
#     Pass     |   Conflicts |    |     |     |     |    |Red|      CPU Time     |
#   Name   |No.| Cross| Clear|Fail|Unrte| Vias|XTalk|Len.| % |  Pass   |  Total  |
#----------+---+------+------+----+-----+-----+-----+----+---+---------+---------|
# Route    |  1|     0|     0|   0|    0|    3|    0|   0|  0|  0:00:00|  0:00:00|
# Clean    |  2|     0|     0|   0|    0|    2|    0|   0|   |  0:00:00|  0:00:00|
# Clean    |  3|     0|     0|   0|    0|    2|    0|   0|   |  0:00:00|  0:00:00|
# Clean    |  4|     0|     0|   0|    0|    2|    0|   0|   |  0:00:00|  0:00:00|
# Clean    |  5|     0|     0|   0|    0|    2|    0|   0|   |  0:00:00|  0:00:00|
# Clean    |  6|     0|     0|   0|    0|    2|    0|   0|   |  0:00:00|  0:00:00|
# Clean    |  7|     0|     0|   0|    0|    2|    0|   0|   |  0:00:00|  0:00:00|
# Clean    |  8|     0|     0|   0|    0|    2|    0|   0|   |  0:00:00|  0:00:00|
# Clean    |  9|     0|     0|   0|    0|    2|    0|   0|   |  0:00:00|  0:00:00|
# Clean    | 10|     0|     0|   0|    0|    2|    0|   0|   |  0:00:00|  0:00:00|
# Clean    | 11|     0|     0|   0|    0|    2|    0|   0|   |  0:00:00|  0:00:00|
# Clean    | 12|     0|     0|   0|    0|    2|    0|   0|   |  0:00:00|  0:00:00|
# Clean    | 13|     0|     0|   0|    0|    2|    0|   0|   |  0:00:00|  0:00:00|
# Conflicts between polygon wires and fixed objects:   0
# Stub Violations:   0
# Net Order Violations:   0
# Diffpair Uncoupled Length Violations:   0
# Diffpair Phase Tolerance  Violations:   0
# Total layerset violations:   0
# Total layerset violations (exclude Fanout/Stagger/XNet Short side):   0
# Overall Routing Time: 0:00:00
# 
# Wiring Statistics ----------------- C:/ORCADDATA/WAITINGPATIENTSIGN/allegro\WAITINGPATIENTSIGN.dsn
# Nets 19 Connections 40 Unroutes 0
# Signal Layers 2 Power Layers 0
# Wire Junctions 4, at vias 0 Total Vias 2
# Percent Connected  100.00
# Manhattan Length 1109.2020 Horizontal 825.2846 Vertical 283.9174
# Routed Length 1120.0974 Horizontal 800.2740 Vertical 332.6750
# Ratio Actual / Manhattan   1.0098
# Unconnected Length   0.0000 Horizontal   0.0000 Vertical   0.0000
# Smart Route: Smart_route finished, completion rate: 100.00.
write routes (changed_only) (reset_changed) C:/Users/PROCES~1/AppData/Local/Temp/#Taaaaaz08600.tmp
# Routing Written to File C:/Users/PROCES~1/AppData/Local/Temp/#Taaaaaz08600.tmp
quit
