(---------------------------------------------------------------------)
(                                                                     )
(    Unplaced Symbol Availability Check                               )
(                                                                     )
(    Drawing          : WAITINGPATIENTSIGN.brd                        )
(    Software Version : 16.6B033                                      )
(    Date/Time        : Fri Jan 22 14:46:59 2021                      )
(                                                                     )
(---------------------------------------------------------------------)


Current PSMPATH consists of:
	.
	symbols
	..
	../symbols
	C:/Cadence/SPB_16.6/share/local/pcb/symbols
	C:/Cadence/SPB_16.6/share/pcb/pcb_lib/symbols
	C:/Cadence/SPB_16.6/share/pcb/allegrolib/symbols
	C:/SPB_Data/mylib/


All Symbols Found

Total symbols placed:      12 out of 12


