(---------------------------------------------------------------------)
(                                                                     )
(    ARTWORK LOG                                                      )
(                                                                     )
(    Drawing          : SEQUENTIALTIMER.brd                           )
(    Software Version : 16.6B033                                      )
(    Date/Time        : Mon Feb 08 16:11:39 2021                      )
(                                                                     )
(---------------------------------------------------------------------)



 ******************************************
 WARNING: DRC OUT OF DATE on this layout.
 ******************************************

 ---- Photoplot outline rectangle not found ... using drawing extents



Results from parameter file ...
    DEVICE-TYPE           GERBER_RS274X
    OUTPUT-UNITS          MM
    FILM-SIZE             2400000 1600000
    FORMAT                2.5
    ABORT-ON-ERROR        NO
    SCALE                 1
    SUPPRESS-LEAD-ZEROES  YES
    SUPPRESS-TRAIL-ZEROES NO
    SUPPRESS-EQUAL        YES
    UNDEF-APT-CONT        NO


================================================================
     PROCESSING FILM < TOP >
     TO FILE < C:/ORCADDATA/SEQUENTIALTIMER/allegro/TOP.art > ...
================================================================

  FILM PARAMETERS :
  ---------------------------------------------------------
  Undefined line width                0.0000
  Mirror code                         NONE
  Rotate angle                        NONE
  Offset x:                           0.0000
  Offset y:                           0.0000
  Plot negative                       NO
  Suppress unconnected internal pads  NO
  Draw holes only                     NO

    WARNING: Film contains DRC error(s).
    WARNING: text composed 0 width line found at (-9.2632 29.8650)
           ... ignored.

    WARNING: 0 width line found at (-2.5400 0.0000)
           ... ignored.

    WARNING: Multiple 0 width lines; all will be treated the same as the first.
           ... ignored.

    WARNING: text having Multiple 0 width lines; all will be treated the same as the first.
           ... ignored.



  APERTURES USED:
  ---------------------------------------------------------
  TYPE       SIZE/NAME                   ROT   MIRROR MODE 
  ---------------------------------------------------------
  CIRCLE     0.10000                                  DARK 
  CIRCLE     0.50000                                  DARK 
  CIRCLE     0.60960                                  DARK 
  CIRCLE     0.63500                                  DARK 
  CIRCLE     1.52400                                  DARK 
  CIRCLE     1.65100                                  DARK 
  SQUARE     1.52400                     0.000 NO     DARK 
  RECTANGLE  0.50800     x 0.43180       0.000 NO     DARK 
  RECTANGLE  1.27000     x 0.63500      90.000 NO     DARK 

     TOP created with warnings


================================================================
     PROCESSING FILM < BOTTOM >
     TO FILE < C:/ORCADDATA/SEQUENTIALTIMER/allegro/BOTTOM.art > ...
================================================================

  FILM PARAMETERS :
  ---------------------------------------------------------
  Undefined line width                0.0000
  Mirror code                         NONE
  Rotate angle                        NONE
  Offset x:                           0.0000
  Offset y:                           0.0000
  Plot negative                       NO
  Suppress unconnected internal pads  NO
  Draw holes only                     NO

    WARNING: Film contains DRC error(s).


  APERTURES USED:
  ---------------------------------------------------------
  TYPE       SIZE/NAME                   ROT   MIRROR MODE 
  ---------------------------------------------------------
  CIRCLE     0.10000                                  DARK 
  CIRCLE     0.50000                                  DARK 
  CIRCLE     0.60960                                  DARK 
  CIRCLE     0.63500                                  DARK 
  CIRCLE     1.52400                                  DARK 
  CIRCLE     1.65100                                  DARK 
  SQUARE     1.52400                     0.000 NO     DARK 

     BOTTOM created with warnings


================================================================
     PROCESSING FILM < Soldermask_Top >
     TO FILE < C:/ORCADDATA/SEQUENTIALTIMER/allegro/Soldermask_Top.art > ...
================================================================

  FILM PARAMETERS :
  ---------------------------------------------------------
  Undefined line width                0.0000
  Mirror code                         NONE
  Rotate angle                        NONE
  Offset x:                           0.0000
  Offset y:                           0.0000
  Plot negative                       NO
  Suppress unconnected internal pads  NO
  Draw holes only                     NO



  APERTURES USED:
  ---------------------------------------------------------
  TYPE       SIZE/NAME                   ROT   MIRROR MODE 
  ---------------------------------------------------------
  CIRCLE     0.10000                                  DARK 
  CIRCLE     1.11760                                  DARK 
  CIRCLE     1.77800                                  DARK 
  CIRCLE     1.90500                                  DARK 
  CIRCLE     2.03200                                  DARK 
  CIRCLE     3.68300                                  DARK 
  SQUARE     1.90500                     0.000 NO     DARK 
  RECTANGLE  0.63500     x 0.55880       0.000 NO     DARK 
  RECTANGLE  1.39700     x 0.76200      90.000 NO     DARK 

     Soldermask_Top created with warnings


================================================================
     PROCESSING FILM < Soldermask_Bottom >
     TO FILE < C:/ORCADDATA/SEQUENTIALTIMER/allegro/Soldermask_Bottom.art > ...
================================================================

  FILM PARAMETERS :
  ---------------------------------------------------------
  Undefined line width                0.0000
  Mirror code                         NONE
  Rotate angle                        NONE
  Offset x:                           0.0000
  Offset y:                           0.0000
  Plot negative                       NO
  Suppress unconnected internal pads  NO
  Draw holes only                     NO



  APERTURES USED:
  ---------------------------------------------------------
  TYPE       SIZE/NAME                   ROT   MIRROR MODE 
  ---------------------------------------------------------
  CIRCLE     0.10000                                  DARK 
  CIRCLE     1.11760                                  DARK 
  CIRCLE     1.77800                                  DARK 
  CIRCLE     1.90500                                  DARK 
  CIRCLE     2.03200                                  DARK 
  CIRCLE     3.68300                                  DARK 
  SQUARE     1.90500                     0.000 NO     DARK 

     Soldermask_Bottom created with warnings


================================================================
     PROCESSING FILM < Pastemask_Top >
     TO FILE < C:/ORCADDATA/SEQUENTIALTIMER/allegro/Pastemask_Top.art > ...
================================================================

  FILM PARAMETERS :
  ---------------------------------------------------------
  Undefined line width                0.0000
  Mirror code                         NONE
  Rotate angle                        NONE
  Offset x:                           0.0000
  Offset y:                           0.0000
  Plot negative                       NO
  Suppress unconnected internal pads  NO
  Draw holes only                     NO

    WARNING: more than one pin class in film record
    WARNING: more than one via class in film record
    WARNING: Null REGULAR-PAD specified for padstack PAD125 at (5.0000 5.0000).
    WARNING: Null REGULAR-PAD specified for padstack PAD125 at (5.0000 55.0000).
    WARNING: Null REGULAR-PAD specified for padstack PAD60CIR36D at (14.2500 14.5400).
    WARNING: Null REGULAR-PAD specified for padstack PAD60SQ36D at (14.2500 12.0000).
    WARNING: Null REGULAR-PAD specified for padstack PAD65CIR42D at (7.7500 12.0000).
    WARNING: Null REGULAR-PAD specified for padstack PAD65CIR42D at (7.7500 22.1600).
    WARNING: Null REGULAR-PAD specified for padstack PAD60CIR36D at (7.7500 28.9600).
    WARNING: Null REGULAR-PAD specified for padstack PAD60SQ36D at (7.7500 31.5000).
    WARNING: Null REGULAR-PAD specified for padstack PAD65CIR42D at (7.7500 38.2500).
    WARNING: Null REGULAR-PAD specified for padstack PAD65CIR42D at (7.7500 48.4100).
    WARNING: Null REGULAR-PAD specified for padstack PAD65CIR42D at (20.0900 12.0000).
    WARNING: Null REGULAR-PAD specified for padstack PAD65CIR42D at (22.5000 21.7900).
    WARNING: Null REGULAR-PAD specified for padstack PAD65CIR42D at (22.5000 19.2500).
    WARNING: Null REGULAR-PAD specified for padstack PAD65CIR42D at (17.7500 21.7900).
    WARNING: Null REGULAR-PAD specified for padstack PAD65CIR42D at (17.7500 19.2500).
    WARNING: Null REGULAR-PAD specified for padstack VIA at (18.6550 26.9567).
    WARNING: Null REGULAR-PAD specified for padstack VIA at (18.6550 35.0554).
    WARNING: Null REGULAR-PAD specified for padstack VIA at (19.6550 30.0355).
    WARNING: Null REGULAR-PAD specified for padstack PAD65CIR42D at (15.5000 38.2500).
    WARNING: Null REGULAR-PAD specified for padstack PAD65CIR42D at (15.5000 48.4100).
    WARNING: Null REGULAR-PAD specified for padstack PAD65CIR42D at (27.2500 21.7900).
    WARNING: Null REGULAR-PAD specified for padstack PAD65CIR42D at (27.2500 19.2500).
    WARNING: Null REGULAR-PAD specified for padstack VIA at (26.8850 31.0355).
    WARNING: Null REGULAR-PAD specified for padstack VIA at (28.1550 30.0355).
    WARNING: Null REGULAR-PAD specified for padstack PAD65CIR42D at (23.7500 38.3400).
    WARNING: Null REGULAR-PAD specified for padstack PAD65CIR42D at (23.7500 48.5000).
    WARNING: Null REGULAR-PAD specified for padstack PAD65CIR42D at (30.2500 12.0000).
    WARNING: Null REGULAR-PAD specified for padstack PAD65CIR42D at (34.2500 11.8400).
    WARNING: Null REGULAR-PAD specified for padstack PAD65CIR42D at (34.2500 22.0000).
    WARNING: Null REGULAR-PAD specified for padstack VIA at (36.7968 30.0355).
    WARNING: Null REGULAR-PAD specified for padstack VIA at (33.0200 29.8450).
    WARNING: Null REGULAR-PAD specified for padstack PAD65CIR42D at (37.7500 41.2900).
    WARNING: Null REGULAR-PAD specified for padstack PAD65CIR42D at (37.7500 38.7500).
    WARNING: Null REGULAR-PAD specified for padstack PAD65CIR42D at (30.7500 38.2500).
    WARNING: Null REGULAR-PAD specified for padstack PAD60CIR36D at (37.4650 44.4500).
    WARNING: Null REGULAR-PAD specified for padstack PAD65CIR42D at (30.7500 48.4100).
    WARNING: Null REGULAR-PAD specified for padstack PAD60CIR36D at (34.9250 46.9900).
    WARNING: Null REGULAR-PAD specified for padstack PAD60SQ36D at (37.4650 49.5300).
    WARNING: Null REGULAR-PAD specified for padstack PAD60CIR36D at (43.7500 14.5400).
    WARNING: Null REGULAR-PAD specified for padstack PAD60SQ36D at (43.7500 12.0000).
    WARNING: Null REGULAR-PAD specified for padstack PAD65CIR42D at (38.7500 11.8400).
    WARNING: Null REGULAR-PAD specified for padstack PAD65CIR42D at (43.7500 21.2900).
    WARNING: Null REGULAR-PAD specified for padstack PAD65CIR42D at (43.7500 18.7500).
    WARNING: Null REGULAR-PAD specified for padstack PAD65CIR42D at (38.7500 22.0000).
    WARNING: Null REGULAR-PAD specified for padstack PAD65CIR42D at (42.2500 25.0000).
    WARNING: Null REGULAR-PAD specified for padstack VIA at (37.6550 26.8254).
    WARNING: Null REGULAR-PAD specified for padstack VIA at (42.2500 28.2735).
    WARNING: Null REGULAR-PAD specified for padstack VIA at (43.8255 29.2855).
    WARNING: Null REGULAR-PAD specified for padstack PAD65CIR42D at (42.2500 35.1600).
    WARNING: Null REGULAR-PAD specified for padstack PAD65CIR42D at (44.7500 38.5900).
    WARNING: Null REGULAR-PAD specified for padstack PAD65CIR42D at (44.7500 48.7500).
    WARNING: Null REGULAR-PAD specified for padstack PAD60CIR36D at (50.5000 14.5400).
    WARNING: Null REGULAR-PAD specified for padstack PAD60SQ36D at (50.5000 12.0000).
    WARNING: Null REGULAR-PAD specified for padstack PAD60CIR36D at (50.5000 21.2900).
    WARNING: Null REGULAR-PAD specified for padstack PAD60SQ36D at (50.5000 18.7500).
    WARNING: Null REGULAR-PAD specified for padstack VIA at (51.2500 29.2855).
    WARNING: Null REGULAR-PAD specified for padstack VIA at (45.3255 30.2855).
    WARNING: Null REGULAR-PAD specified for padstack PAD65CIR42D at (50.5000 38.5000).
    WARNING: Null REGULAR-PAD specified for padstack PAD65CIR42D at (50.5000 48.6600).
    WARNING: Null REGULAR-PAD specified for padstack PAD65CIR42D at (57.2500 11.7500).
    WARNING: Null REGULAR-PAD specified for padstack PAD65CIR42D at (57.2500 21.9100).
    WARNING: Null REGULAR-PAD specified for padstack PAD65CIR42D at (58.7500 29.5000).
    WARNING: Null REGULAR-PAD specified for padstack PAD60CIR36D at (56.5000 37.2100).
    WARNING: Null REGULAR-PAD specified for padstack PAD65CIR42D at (58.7500 32.0400).
    WARNING: Null REGULAR-PAD specified for padstack VIA at (55.8220 33.2265).
    WARNING: Null REGULAR-PAD specified for padstack PAD60SQ36D at (56.5000 39.7500).
    WARNING: Null REGULAR-PAD specified for padstack PAD65CIR42D at (55.3400 48.5000).
    WARNING: Null REGULAR-PAD specified for padstack PAD65CIR42D at (62.5000 12.0000).
    WARNING: Null REGULAR-PAD specified for padstack PAD65CIR42D at (62.5000 22.1600).
    WARNING: Null REGULAR-PAD specified for padstack VIA at (64.8850 29.0903).
    WARNING: Null REGULAR-PAD specified for padstack PAD65CIR42D at (63.5000 37.2500).
    WARNING: Null REGULAR-PAD specified for padstack VIA at (66.9043 31.9098).
    WARNING: Null REGULAR-PAD specified for padstack VIA at (62.3450 34.9885).
    WARNING: Null REGULAR-PAD specified for padstack VIA at (62.3450 31.9097).
    WARNING: Null REGULAR-PAD specified for padstack PAD65CIR42D at (63.5000 39.7900).
    WARNING: Null REGULAR-PAD specified for padstack PAD65CIR42D at (65.5000 48.5000).
    WARNING: Null REGULAR-PAD specified for padstack PAD60SQ36D at (69.0000 20.5000).
    WARNING: Null REGULAR-PAD specified for padstack SMD20_17 at (73.3610 20.0348).
    WARNING: Null REGULAR-PAD specified for padstack VIA at (74.3610 21.0000).
    WARNING: Null REGULAR-PAD specified for padstack PAD60CIR36D at (69.0000 23.0400).
    WARNING: Null REGULAR-PAD specified for padstack SMD20_17 at (73.3610 21.9398).
    WARNING: Null REGULAR-PAD specified for padstack PAD65CIR42D at (74.2500 24.7500).
    WARNING: Null REGULAR-PAD specified for padstack PAD60SQ36D at (69.0000 37.2500).
    WARNING: Null REGULAR-PAD specified for padstack PAD65CIR42D at (74.2500 34.9100).
    WARNING: Null REGULAR-PAD specified for padstack PAD60CIR36D at (69.0000 39.7900).
    WARNING: Null REGULAR-PAD specified for padstack SMD20_17 at (73.3610 37.7848).
    WARNING: Null REGULAR-PAD specified for padstack SMD20_17 at (73.3610 39.6898).
    WARNING: Null REGULAR-PAD specified for padstack PAD60CIR36D at (72.3900 43.8150).
    WARNING: Null REGULAR-PAD specified for padstack PAD60CIR36D at (69.8500 46.3550).
    WARNING: Null REGULAR-PAD specified for padstack PAD60SQ36D at (72.3900 48.8950).
    WARNING: Null REGULAR-PAD specified for padstack PAD60SQ36D at (79.7500 20.5000).
    WARNING: Null REGULAR-PAD specified for padstack SMD20_17 at (75.1390 21.0000).
    WARNING: Null REGULAR-PAD specified for padstack PAD125 at (80.0000 30.0000).
    WARNING: Null REGULAR-PAD specified for padstack PAD60CIR36D at (79.7500 23.0400).
    WARNING: Null REGULAR-PAD specified for padstack PAD60CIR35D at (79.7500 37.2500).
    WARNING: Null REGULAR-PAD specified for padstack PAD60CIR36D at (79.7500 39.7900).
    WARNING: Null REGULAR-PAD specified for padstack SMD20_17 at (75.1390 38.7500).
    WARNING: Null REGULAR-PAD specified for padstack SMD20_17 at (83.8610 20.7848).
    WARNING: Null REGULAR-PAD specified for padstack SMD20_17 at (83.8610 22.6898).
    WARNING: Null REGULAR-PAD specified for padstack SMD20_17 at (85.6390 21.7500).
    WARNING: Null REGULAR-PAD specified for padstack PAD65CIR42D at (84.7500 25.0000).
    WARNING: Null REGULAR-PAD specified for padstack PAD65CIR42D at (84.7500 35.1600).
    WARNING: Null REGULAR-PAD specified for padstack SMD20_17 at (83.8610 37.7848).
    WARNING: Null REGULAR-PAD specified for padstack SMD20_17 at (83.8610 39.6898).
    WARNING: Null REGULAR-PAD specified for padstack SMD20_17 at (85.6390 38.7500).


  APERTURES USED:
  ---------------------------------------------------------
  TYPE       SIZE/NAME                   ROT   MIRROR MODE 
  ---------------------------------------------------------
  CIRCLE     0.10000                                  DARK 
  CIRCLE     1.11760                                  DARK 
  CIRCLE     1.77800                                  DARK 
  CIRCLE     1.90500                                  DARK 
  CIRCLE     2.03200                                  DARK 
  CIRCLE     3.68300                                  DARK 
  SQUARE     1.90500                     0.000 NO     DARK 
  RECTANGLE  0.63500     x 0.55880       0.000 NO     DARK 
  RECTANGLE  1.39700     x 0.76200      90.000 NO     DARK 

     Pastemask_Top created with warnings


================================================================
     PROCESSING FILM < Silkscreen_Top >
     TO FILE < C:/ORCADDATA/SEQUENTIALTIMER/allegro/Silkscreen_Top.art > ...
================================================================

  FILM PARAMETERS :
  ---------------------------------------------------------
  Undefined line width                0.1000
  Mirror code                         NONE
  Rotate angle                        NONE
  Offset x:                           0.0000
  Offset y:                           0.0000
  Plot negative                       NO
  Suppress unconnected internal pads  NO
  Draw holes only                     NO



  APERTURES USED:
  ---------------------------------------------------------
  TYPE       SIZE/NAME                   ROT   MIRROR MODE 
  ---------------------------------------------------------
  CIRCLE     0.10000                                  DARK 

     Silkscreen_Top created with warnings


================================================================
     PROCESSING FILM < Drill_Drawing >
     TO FILE < C:/ORCADDATA/SEQUENTIALTIMER/allegro/Drill_Drawing.art > ...
================================================================

  FILM PARAMETERS :
  ---------------------------------------------------------
  Undefined line width                0.1000
  Mirror code                         NONE
  Rotate angle                        NONE
  Offset x:                           0.0000
  Offset y:                           0.0000
  Plot negative                       NO
  Suppress unconnected internal pads  NO
  Draw holes only                     NO



  APERTURES USED:
  ---------------------------------------------------------
  TYPE       SIZE/NAME                   ROT   MIRROR MODE 
  ---------------------------------------------------------
  CIRCLE     0.10000                                  DARK 

     Drill_Drawing created with warnings


------------------------------------------------------
 SUMMARY:
        TOP created with warnings
        BOTTOM created with warnings
        Soldermask_Top created with warnings
        Soldermask_Bottom created with warnings
        Pastemask_Top created with warnings
        Silkscreen_Top created with warnings
        Drill_Drawing created with warnings

 ARTWORK had warnings
