(---------------------------------------------------------------------)
(                                                                     )
(    Allegro Netrev Import Logic                                      )
(                                                                     )
(    Drawing          : DECADECOUNTER.brd                             )
(    Software Version : 16.5S025                                      )
(    Date/Time        : Tue Oct 20 14:43:44 2020                      )
(                                                                     )
(---------------------------------------------------------------------)


------ Directives ------

RIPUP_ETCH FALSE;
RIPUP_DELETE_FIRST_SEGMENT FALSE;
RIPUP_RETAIN_BONDWIRE FALSE;
RIPUP_SYMBOLS ALWAYS;
Missing symbol has error FALSE;
SCHEMATIC_DIRECTORY 'C:\ORCADDATA\DECADECOUNTER\allegro';
BOARD_DIRECTORY '';
OLD_BOARD_NAME 'C:/ORCADDATA/DECADECOUNTER/allegro/DECADECOUNTER.brd';
NEW_BOARD_NAME 'C:/ORCADDATA/DECADECOUNTER/allegro/DECADECOUNTER.brd';

CmdLine: netrev.exe -5 -y 1 -n -i C:\ORCADDATA\DECADECOUNTER\allegro C:\ORCADDATA\DECADECOUNTER\allegro\DECADECOUNTER.brd C:\ORCADDATA\DECADECOUNTER\allegro\DECADECOUNTER.brd

------ Preparing to read pst files ------

Starting to read C:/ORCADDATA/DECADECOUNTER/allegro/pstchip.dat 
   Finished reading C:/ORCADDATA/DECADECOUNTER/allegro/pstchip.dat (00:00:00.15)
Starting to read C:/ORCADDATA/DECADECOUNTER/allegro/pstxprt.dat 
   Finished reading C:/ORCADDATA/DECADECOUNTER/allegro/pstxprt.dat (00:00:00.00)
Starting to read C:/ORCADDATA/DECADECOUNTER/allegro/pstxnet.dat 
   Finished reading C:/ORCADDATA/DECADECOUNTER/allegro/pstxnet.dat (00:00:00.00)

------ Oversights/Warnings/Errors ------


ERROR: File "DECADECOUNTER.brd" is being edited by user "PROCESS-000" on date "Tue Oct 20 14:22:17 2020" on system "PROCESS-130". Resolve lock file and re-run netrev.

#1   ERROR(SPMHNI-175): Netrev error detected.

#2   Run stopped because errors were detected

netrev run on Oct 20 14:43:44 2020
   DESIGN NAME : 'DECADECOUNTER'
   PACKAGING ON Mar 26 2012 19:10:13

   COMPILE 'logic'
   CHECK_PIN_NAMES OFF
   CROSS_REFERENCE OFF
   FEEDBACK OFF
   INCREMENTAL OFF
   INTERFACE_TYPE PHYSICAL
   MAX_ERRORS 500
   MERGE_MINIMUM 5
   NET_NAME_CHARS '#%&()*+-./:=>?@[]^_`|'
   NET_NAME_LENGTH 24
   OVERSIGHTS ON
   REPLACE_CHECK OFF
   SINGLE_NODE_NETS ON
   SPLIT_MINIMUM 0
   SUPPRESS   20
   WARNINGS ON

  2 errors detected
 No oversight detected
 No warning detected

cpu time      0:00:52
elapsed time  0:00:00

